[INFO ] 2023-08-10 16:21:12.164 [main] LetsStart - URL is opening
[INFO ] 2023-08-10 16:21:12.332 [main] LetsStart - Clicked on Let's Start
[INFO ] 2023-08-11 19:21:57.140 [main] LetsStart - URL is opening
[INFO ] 2023-08-11 19:21:57.445 [main] LetsStart - Clicked on Let's Start
[INFO ] 2023-08-11 19:21:57.672 [main] LetsStart - Credentials Entered
[INFO ] 2023-08-11 19:21:57.930 [main] LetsStart - Logged In Succesfully
[INFO ] 2023-08-11 19:26:38.768 [main] LetsStart - URL is opening
[INFO ] 2023-08-11 19:26:38.942 [main] LetsStart - Clicked on Let's Start
[INFO ] 2023-08-11 19:26:39.076 [main] LetsStart - Credentials Entered
[INFO ] 2023-08-11 19:26:39.219 [main] LetsStart - Logged In Succesfully
[INFO ] 2023-08-13 14:23:00.371 [main] LetsStart - URL is opening
[INFO ] 2023-08-13 14:23:00.616 [main] LetsStart - Clicked on Let's Start
[INFO ] 2023-08-13 14:23:00.823 [main] LetsStart - Credentials Entered
[INFO ] 2023-08-13 14:23:00.926 [main] LetsStart - Logged In Succesfully
[INFO ] 2023-09-27 16:16:22.968 [main] LetsStart - URL is opening
[INFO ] 2023-09-27 16:22:27.063 [main] LetsStart - URL is opening
[INFO ] 2023-09-27 16:24:45.095 [main] LetsStart - URL is opening
[INFO ] 2023-09-27 16:31:21.225 [main] LetsStart - URL is opening
[INFO ] 2023-09-27 16:35:37.037 [main] LetsStart - URL is opening
[INFO ] 2023-09-27 16:35:37.214 [main] LetsStart - Clicked on Let's Start
[INFO ] 2023-09-27 16:35:37.444 [main] LetsStart - Credentials Entered
[INFO ] 2023-09-27 16:35:37.625 [main] LetsStart - Logged In Succesfully
[INFO ] 2023-09-28 10:42:23.151 [main] LetsStart - URL is opening
[INFO ] 2023-09-28 10:42:23.855 [main] LetsStart - Clicked on Let's Start
[INFO ] 2023-09-28 10:42:27.365 [main] LetsStart - Credentials Entered
[INFO ] 2023-09-28 10:42:27.555 [main] LetsStart - Logged In Succesfully
[INFO ] 2023-09-29 13:48:39.067 [main] LetsStart - URL is opening
[INFO ] 2023-09-29 13:48:39.536 [main] LetsStart - Clicked on Let's Start
[INFO ] 2023-09-29 13:48:50.924 [main] LetsStart - Credentials Entered
[INFO ] 2023-09-29 13:48:51.227 [main] LetsStart - Logged In Succesfully
[INFO ] 2023-09-29 13:48:53.273 [main] LetsStart - Correct Title
[INFO ] 2023-09-29 13:50:29.578 [main] LetsStart - URL is opening
[INFO ] 2023-09-29 13:50:29.853 [main] LetsStart - Clicked on Let's Start
[INFO ] 2023-09-29 13:50:30.158 [main] LetsStart - Credentials Entered
[INFO ] 2023-09-29 13:50:30.884 [main] LetsStart - Logged In Succesfully
[INFO ] 2023-09-29 13:50:32.913 [main] LetsStart - Incorrect Title
[INFO ] 2023-09-29 13:50:33.258 [main] ErosNow - Screenshot taken and saved at: C:\Users\Neha\eclipse-workspace\ErosNow/Screenshots/Incorrect Title.png
[INFO ] 2023-09-29 14:27:03.065 [main] LetsStart - URL is opening
[INFO ] 2023-09-29 14:27:03.643 [main] LetsStart - Clicked on Let's Start
[INFO ] 2023-09-29 14:27:24.572 [main] LetsStart - Credentials Entered
[INFO ] 2023-09-29 14:27:43.849 [main] LetsStart - Logged In Succesfully
[INFO ] 2023-09-29 14:27:45.894 [main] LetsStart - Correct Title
[INFO ] 2023-09-29 14:29:51.313 [main] LetsStart - URL is opening
[INFO ] 2023-09-29 14:29:51.603 [main] LetsStart - Clicked on Let's Start
[INFO ] 2023-09-29 14:29:51.985 [main] LetsStart - Credentials Entered
[INFO ] 2023-09-29 14:30:12.117 [main] LetsStart - Logged In Succesfully
[INFO ] 2023-09-29 14:30:31.858 [main] LetsStart - Correct Title
[INFO ] 2023-09-29 14:46:18.470 [main] LetsStart - URL is opening
[INFO ] 2023-09-29 14:46:18.825 [main] LetsStart - Clicked on Let's Start
[INFO ] 2023-09-29 14:46:19.221 [main] LetsStart - Credentials Entered
[INFO ] 2023-09-29 14:46:19.543 [main] LetsStart - Logged In Succesfully
[INFO ] 2023-09-29 14:46:24.388 [main] LetsStart - Correct Title
[INFO ] 2023-09-29 14:59:32.835 [main] LetsStart - URL is opening
[INFO ] 2023-09-29 14:59:33.033 [main] LetsStart - Clicked on Let's Start
[INFO ] 2023-09-29 14:59:33.165 [main] LetsStart - Credentials Entered
[INFO ] 2023-09-29 14:59:33.275 [main] LetsStart - Logged In Succesfully
[INFO ] 2023-09-29 14:59:35.317 [main] LetsStart - Correct Title
[INFO ] 2023-09-29 15:01:11.185 [main] LetsStart - URL is opening
[INFO ] 2023-09-29 15:01:11.555 [main] LetsStart - Clicked on Let's Start
[INFO ] 2023-09-29 15:01:12.120 [main] LetsStart - Credentials Entered
[INFO ] 2023-09-29 15:01:17.915 [main] LetsStart - Logged In Succesfully
[INFO ] 2023-09-29 15:01:20.017 [main] LetsStart - Correct Title
[INFO ] 2023-10-03 12:54:08.733 [main] LetsStart - URL is opening
[INFO ] 2023-10-03 12:54:11.047 [main] LetsStart - Clicked on Let's Start
[INFO ] 2023-10-03 12:54:11.302 [main] LetsStart - Credentials Entered
[INFO ] 2023-10-03 12:54:11.760 [main] LetsStart - Logged In Succesfully
[INFO ] 2023-10-03 12:54:31.789 [main] LetsStart - Correct Title
[INFO ] 2023-10-03 12:57:20.059 [main] LetsStart - URL is opening
[INFO ] 2023-10-03 12:57:22.451 [main] LetsStart - Clicked on Let's Start
[INFO ] 2023-10-03 12:57:22.967 [main] LetsStart - Credentials Entered
[INFO ] 2023-10-03 12:57:25.000 [main] LetsStart - Correct Title
[INFO ] 2023-10-03 13:03:02.278 [main] LetsStart - URL is opening
[INFO ] 2023-10-03 13:03:05.632 [main] LetsStart - Clicked on Let's Start
[INFO ] 2023-10-03 13:03:13.698 [main] LetsStart - Credentials Entered
[INFO ] 2023-10-03 13:03:15.827 [main] LetsStart - Correct Title
[INFO ] 2023-10-03 15:45:44.073 [main] LetsStart - URL is opening
[INFO ] 2023-10-03 15:45:46.268 [main] LetsStart - Clicked on Let's Start
[INFO ] 2023-10-03 15:45:46.381 [main] LetsStart - Credentials Entered
[INFO ] 2023-10-03 16:30:52.139 [main] LetsStart - URL is opening
[INFO ] 2023-10-03 16:30:54.319 [main] LetsStart - Clicked on Let's Start
[INFO ] 2023-10-03 16:30:54.483 [main] LetsStart - Phone Number Entered
[INFO ] 2023-10-03 16:30:56.565 [main] LetsStart - Moved to entered password
[INFO ] 2023-10-03 16:30:57.918 [main] LetsStart - Password Entered
[INFO ] 2023-10-03 16:30:59.973 [main] LetsStart - Logged In Succesfully
[INFO ] 2023-10-03 16:31:00.035 [main] LetsStart - Correct Title
